Determining if the pthread_create exist failed with the following output:
Change Dir: /home/disa/catkin_ws/build/seguimiento/dlib_build/dlib/cuda_test_build/CMakeFiles/CMakeTmp

Run Build Command:"/usr/bin/make" "cmTC_b432b/fast"
/usr/bin/make -f CMakeFiles/cmTC_b432b.dir/build.make CMakeFiles/cmTC_b432b.dir/build
make[1]: se entra en el directorio '/home/disa/catkin_ws/build/seguimiento/dlib_build/dlib/cuda_test_build/CMakeFiles/CMakeTmp'
Building C object CMakeFiles/cmTC_b432b.dir/CheckSymbolExists.c.o
/usr/bin/cc    -fPIC    -o CMakeFiles/cmTC_b432b.dir/CheckSymbolExists.c.o   -c /home/disa/catkin_ws/build/seguimiento/dlib_build/dlib/cuda_test_build/CMakeFiles/CMakeTmp/CheckSymbolExists.c
Linking C executable cmTC_b432b
/usr/bin/cmake -E cmake_link_script CMakeFiles/cmTC_b432b.dir/link.txt --verbose=1
/usr/bin/cc  -fPIC     CMakeFiles/cmTC_b432b.dir/CheckSymbolExists.c.o  -o cmTC_b432b -rdynamic 
CMakeFiles/cmTC_b432b.dir/CheckSymbolExists.c.o: En la funci√≥n `main':
CheckSymbolExists.c:(.text+0x1b): referencia a `pthread_create' sin definir
collect2: error: ld returned 1 exit status
CMakeFiles/cmTC_b432b.dir/build.make:97: fallo en las instrucciones para el objetivo 'cmTC_b432b'
make[1]: *** [cmTC_b432b] Error 1
make[1]: se sale del directorio '/home/disa/catkin_ws/build/seguimiento/dlib_build/dlib/cuda_test_build/CMakeFiles/CMakeTmp'
Makefile:126: fallo en las instrucciones para el objetivo 'cmTC_b432b/fast'
make: *** [cmTC_b432b/fast] Error 2

File /home/disa/catkin_ws/build/seguimiento/dlib_build/dlib/cuda_test_build/CMakeFiles/CMakeTmp/CheckSymbolExists.c:
/* */
#include <pthread.h>

int main(int argc, char** argv)
{
  (void)argv;
#ifndef pthread_create
  return ((int*)(&pthread_create))[argc];
#else
  (void)argc;
  return 0;
#endif
}

Determining if the function pthread_create exists in the pthreads failed with the following output:
Change Dir: /home/disa/catkin_ws/build/seguimiento/dlib_build/dlib/cuda_test_build/CMakeFiles/CMakeTmp

Run Build Command:"/usr/bin/make" "cmTC_49977/fast"
/usr/bin/make -f CMakeFiles/cmTC_49977.dir/build.make CMakeFiles/cmTC_49977.dir/build
make[1]: se entra en el directorio '/home/disa/catkin_ws/build/seguimiento/dlib_build/dlib/cuda_test_build/CMakeFiles/CMakeTmp'
Building C object CMakeFiles/cmTC_49977.dir/CheckFunctionExists.c.o
/usr/bin/cc    -fPIC -DCHECK_FUNCTION_EXISTS=pthread_create   -o CMakeFiles/cmTC_49977.dir/CheckFunctionExists.c.o   -c /usr/share/cmake-3.5/Modules/CheckFunctionExists.c
Linking C executable cmTC_49977
/usr/bin/cmake -E cmake_link_script CMakeFiles/cmTC_49977.dir/link.txt --verbose=1
/usr/bin/cc  -fPIC -DCHECK_FUNCTION_EXISTS=pthread_create    CMakeFiles/cmTC_49977.dir/CheckFunctionExists.c.o  -o cmTC_49977 -rdynamic -lpthreads 
/usr/bin/ld: no se puede encontrar -lpthreads
collect2: error: ld returned 1 exit status
CMakeFiles/cmTC_49977.dir/build.make:97: fallo en las instrucciones para el objetivo 'cmTC_49977'
make[1]: *** [cmTC_49977] Error 1
make[1]: se sale del directorio '/home/disa/catkin_ws/build/seguimiento/dlib_build/dlib/cuda_test_build/CMakeFiles/CMakeTmp'
Makefile:126: fallo en las instrucciones para el objetivo 'cmTC_49977/fast'
make: *** [cmTC_49977/fast] Error 2


